<?xml version="1.0" encoding="UTF-8"?>
<coverage generated="1702188746790" clover="3.2.0">
  <project timestamp="1702188746790" name="All files">
    <metrics statements="11" coveredstatements="8" conditionals="2" coveredconditionals="2" methods="6" coveredmethods="3" elements="19" coveredelements="13" complexity="0" loc="11" ncloc="11" packages="1" files="3" classes="3"/>
    <file name="ContactUs.jsx" path="/Users/intellisofttechnologies/Desktop/react-project/src/components/ContactUs.jsx">
      <metrics statements="5" coveredstatements="3" conditionals="0" coveredconditionals="0" methods="3" coveredmethods="1"/>
      <line num="3" count="1" type="stmt"/>
      <line num="4" count="1" type="stmt"/>
      <line num="5" count="1" type="stmt"/>
      <line num="8" count="0" type="stmt"/>
      <line num="9" count="0" type="stmt"/>
    </file>
    <file name="Panel.jsx" path="/Users/intellisofttechnologies/Desktop/react-project/src/components/Panel.jsx">
      <metrics statements="4" coveredstatements="3" conditionals="2" coveredconditionals="2" methods="2" coveredmethods="1"/>
      <line num="1" count="1" type="stmt"/>
      <line num="3" count="2" type="stmt"/>
      <line num="4" count="0" type="stmt"/>
      <line num="6" count="2" type="stmt"/>
    </file>
    <file name="sum.js" path="/Users/intellisofttechnologies/Desktop/react-project/src/components/sum.js">
      <metrics statements="2" coveredstatements="2" conditionals="0" coveredconditionals="0" methods="1" coveredmethods="1"/>
      <line num="1" count="1" type="stmt"/>
      <line num="2" count="1" type="stmt"/>
    </file>
  </project>
</coverage>
